14853:
3.880823970037453
3.7741011235955058
9074:
4.279297386567769
3.7022889096764047
3.410566147070754
3.451653103592493
3.7605661470707537
2.4074317668192617
4.68429738656777
4.68429738656777
3.353550018038496
2.7805661470707537
3.9524317668192617
3.475836417341024
3.8657962528005703
3.7457541352403148
3.7100788256427912
3.9776219842105656
3.7605661470707537
3.977553718038775
3.999249948637444
3.3930661470707535
3.9524317668192617
3.2583770923443858
3.6706457283034903
3.6886637463215086
3.498312625943993
4.485011672282055
4.016143107025447
3.99057991496741
3.5832140343144196
3.9202442668192625
3.417566147070754
3.923899480404087
4.167015100152595
3.6564613311403695
3.503979061636824
3.8236817668192615
4.0382651001525955
3.3431587396633464
3.643431766819262
4.158431766819262
16078:
4.062855427974948
3.9881294363256785
4.006205427974948
4.314081419624217
3.099081419624217
4.449081419624217
7817:
4.3089154704944175
3.8235131716438433
3.6097448165869217
3.528078149920255
3.9655821371610847
2.7930781499202553
4.480582137161085
3.524153565732513
4.100079744816587
3.9655821371610847
3.450582137161085
3.9655821371610847
3.479078149920255
2.3030781499202555
3.1197448165869215
3.577078149920255
4.350079744816587
3.9655821371610847
3.0946166114587172
3.8797488038277512
3.381078149920255
4.428086124401914
3.2830781499202555
2.3030781499202555
11824:
3.5713193456614514
3.5662681912681915
4.433108108108108
3.448530657523195
3.575243830787309
3.8750012512512515
3.0745916568742655
3.189635135135135
3.419558212058212
3.8416216216216217
4.7031081081081085
11823:
3.726973684210526
14670:
4.255841989298079
3.6034838290840416
3.222551811540182
4.0570254957507075
4.0165490600051506
4.1413975448536355
3.501400495750708
3.8601564101018626
4.515513183700152
RMSE: 0.9
