1000:
3.6
3.6
4.1
3.2
1001:
3.0
3.1
10001:
3.1
10015:
3.5
10020:
3.9
10027:
4.1
10036:
3.5
3.9
3.7
3.8
3.9
4.0
3.5
10041:
3.6
1002:
3.2
10004:
3.8
10005:
3.6
3.4
10006:
3.6
4.2
4.1
10007:
3.4
10009:
3.8
10010:
3.1
3.6
2.6
10012:
4.0
10013:
3.9
1:
4.3
4.0
1001:
3.0
2.9
3.0
3.7
1004:
3.3
3.0
3.1
2.8
3.4
3.0
3.2
10001:
4.1
4.3
10012:
3.4
3.7
10013:
3.3
3.0
10017:
3.3
10027:
4.7
10028:
3.1
3.7
10029:
3.3
10035:
3.6
3.7
10036:
4.5
4.2
3.9
10037:
3.1
10038:
3.3
10041:
3.2
3.3
3.1
15694:
4.1
RMSE: 1.0196408210336076
